<?xml version="1.0" encoding="UTF-8"?>
<!-- Generated by org.testng.reporters.JUnitReportReporter -->
<testsuite hostname="ChiNx" name="pkg1.Google" tests="1" failures="0" timestamp="22 Feb 2018 18:36:09 GMT" time="7.234" errors="0">
  <testcase name="mail" time="7.234" classname="pkg1.Google"/>
</testsuite> <!-- pkg1.Google -->
